<?xml version="1.0" encoding="UTF-8"?>
<testng-results skipped="2" failed="0" total="2" passed="0">
  <reporter-output>
  </reporter-output>
  <suite name="Default suite" duration-ms="79168" started-at="2016-05-16T05:33:46Z" finished-at="2016-05-16T05:35:05Z">
    <groups>
    </groups>
    <test name="Default test" duration-ms="79168" started-at="2016-05-16T05:33:46Z" finished-at="2016-05-16T05:35:05Z">
      <class name="com.github.minly.multitenancy.demo.MultitenantTest">
        <test-method status="PASS" signature="springTestContextBeforeTestClass()[pri:0, instance:com.github.minly.multitenancy.demo.MultitenantTest@9a5ed8]" name="springTestContextBeforeTestClass" is-config="true" duration-ms="14" started-at="2016-05-16T13:33:46Z" finished-at="2016-05-16T13:33:46Z">
          <reporter-output>
          </reporter-output>
        </test-method> <!-- springTestContextBeforeTestClass -->
        <test-method status="PASS" signature="springTestContextPrepareTestInstance()[pri:0, instance:com.github.minly.multitenancy.demo.MultitenantTest@9a5ed8]" name="springTestContextPrepareTestInstance" is-config="true" duration-ms="5806" started-at="2016-05-16T13:33:46Z" depends-on-methods="org.springframework.test.context.testng.AbstractTestNGSpringContextTests.springTestContextBeforeTestClass" finished-at="2016-05-16T13:33:52Z">
          <reporter-output>
          </reporter-output>
        </test-method> <!-- springTestContextPrepareTestInstance -->
        <test-method status="PASS" signature="dataTenant1()[pri:0, instance:com.github.minly.multitenancy.demo.MultitenantTest@9a5ed8]" name="dataTenant1" is-config="true" duration-ms="734" started-at="2016-05-16T13:33:52Z" finished-at="2016-05-16T13:33:52Z">
          <reporter-output>
          </reporter-output>
        </test-method> <!-- dataTenant1 -->
        <test-method status="FAIL" signature="dataTenant2()[pri:0, instance:com.github.minly.multitenancy.demo.MultitenantTest@9a5ed8]" name="dataTenant2" is-config="true" duration-ms="0" started-at="2016-05-16T13:33:52Z" finished-at="2016-05-16T13:33:52Z">
          <exception class="java.lang.RuntimeException">
            <message>
              <![CDATA[......]]>
            </message>
            <full-stacktrace>
              <![CDATA[java.lang.RuntimeException: ......
	at com.github.minly.multitenancy.demo.service.EmployeeService.save(EmployeeService.java:28)
	at com.github.minly.multitenancy.demo.service.EmployeeService$$FastClassBySpringCGLIB$$98172bdd.invoke(<generated>)
	at org.springframework.cglib.proxy.MethodProxy.invoke(MethodProxy.java:204)
	at org.springframework.aop.framework.CglibAopProxy$CglibMethodInvocation.invokeJoinpoint(CglibAopProxy.java:720)
	at org.springframework.aop.framework.ReflectiveMethodInvocation.proceed(ReflectiveMethodInvocation.java:157)
	at org.springframework.transaction.interceptor.TransactionInterceptor$1.proceedWithInvocation(TransactionInterceptor.java:99)
	at org.springframework.transaction.interceptor.TransactionAspectSupport.invokeWithinTransaction(TransactionAspectSupport.java:281)
	at org.springframework.transaction.interceptor.TransactionInterceptor.invoke(TransactionInterceptor.java:96)
	at org.springframework.aop.framework.ReflectiveMethodInvocation.proceed(ReflectiveMethodInvocation.java:179)
	at org.springframework.aop.framework.CglibAopProxy$DynamicAdvisedInterceptor.intercept(CglibAopProxy.java:655)
	at com.github.minly.multitenancy.demo.service.EmployeeService$$EnhancerBySpringCGLIB$$936d4a4.save(<generated>)
	at com.github.minly.multitenancy.demo.MultitenantTest.dataTenant2(MultitenantTest.java:52)
	at sun.reflect.NativeMethodAccessorImpl.invoke0(Native Method)
	at sun.reflect.NativeMethodAccessorImpl.invoke(NativeMethodAccessorImpl.java:62)
	at sun.reflect.DelegatingMethodAccessorImpl.invoke(DelegatingMethodAccessorImpl.java:43)
	at java.lang.reflect.Method.invoke(Method.java:498)
	at org.testng.internal.MethodInvocationHelper.invokeMethod(MethodInvocationHelper.java:85)
	at org.testng.internal.Invoker.invokeConfigurationMethod(Invoker.java:552)
	at org.testng.internal.Invoker.invokeConfigurations(Invoker.java:215)
	at org.testng.internal.Invoker.invokeConfigurations(Invoker.java:140)
	at org.testng.internal.TestMethodWorker.invokeBeforeClassMethods(TestMethodWorker.java:170)
	at org.testng.internal.TestMethodWorker.run(TestMethodWorker.java:104)
	at org.testng.TestRunner.privateRun(TestRunner.java:767)
	at org.testng.TestRunner.run(TestRunner.java:617)
	at org.testng.SuiteRunner.runTest(SuiteRunner.java:348)
	at org.testng.SuiteRunner.runSequentially(SuiteRunner.java:343)
	at org.testng.SuiteRunner.privateRun(SuiteRunner.java:305)
	at org.testng.SuiteRunner.run(SuiteRunner.java:254)
	at org.testng.SuiteRunnerWorker.runSuite(SuiteRunnerWorker.java:52)
	at org.testng.SuiteRunnerWorker.run(SuiteRunnerWorker.java:86)
	at org.testng.TestNG.runSuitesSequentially(TestNG.java:1224)
	at org.testng.TestNG.runSuitesLocally(TestNG.java:1149)
	at org.testng.TestNG.run(TestNG.java:1057)
	at org.testng.remote.AbstractRemoteTestNG.run(AbstractRemoteTestNG.java:126)
	at org.testng.remote.RemoteTestNG.initAndRun(RemoteTestNG.java:137)
	at org.testng.remote.RemoteTestNG.main(RemoteTestNG.java:58)
]]>
            </full-stacktrace>
          </exception> <!-- java.lang.RuntimeException -->
          <reporter-output>
          </reporter-output>
        </test-method> <!-- dataTenant2 -->
        <test-method status="SKIP" signature="springTestContextBeforeTestMethod(java.lang.reflect.Method)[pri:0, instance:com.github.minly.multitenancy.demo.MultitenantTest@9a5ed8]" name="springTestContextBeforeTestMethod" is-config="true" duration-ms="0" started-at="2016-05-16T13:35:05Z" finished-at="2016-05-16T13:35:05Z">
          <reporter-output>
          </reporter-output>
        </test-method> <!-- springTestContextBeforeTestMethod -->
        <test-method status="SKIP" signature="testInvalidTenant()[pri:0, instance:com.github.minly.multitenancy.demo.MultitenantTest@9a5ed8]" name="testInvalidTenant" duration-ms="1" started-at="2016-05-16T13:35:05Z" finished-at="2016-05-16T13:35:05Z">
          <reporter-output>
          </reporter-output>
        </test-method> <!-- testInvalidTenant -->
        <test-method status="PASS" signature="springTestContextAfterTestMethod(java.lang.reflect.Method)[pri:0, instance:com.github.minly.multitenancy.demo.MultitenantTest@9a5ed8]" name="springTestContextAfterTestMethod" is-config="true" duration-ms="13" started-at="2016-05-16T13:35:05Z" finished-at="2016-05-16T13:35:05Z">
          <params>
            <param index="0">
              <value>
                <![CDATA[public void com.github.minly.multitenancy.demo.MultitenantTest.testInvalidTenant()]]>
              </value>
            </param>
          </params>
          <reporter-output>
          </reporter-output>
        </test-method> <!-- springTestContextAfterTestMethod -->
        <test-method status="SKIP" signature="springTestContextBeforeTestMethod(java.lang.reflect.Method)[pri:0, instance:com.github.minly.multitenancy.demo.MultitenantTest@9a5ed8]" name="springTestContextBeforeTestMethod" is-config="true" duration-ms="0" started-at="2016-05-16T13:35:05Z" finished-at="2016-05-16T13:35:05Z">
          <reporter-output>
          </reporter-output>
        </test-method> <!-- springTestContextBeforeTestMethod -->
        <test-method status="SKIP" signature="testTenantData()[pri:0, instance:com.github.minly.multitenancy.demo.MultitenantTest@9a5ed8]" name="testTenantData" duration-ms="1" started-at="2016-05-16T13:35:05Z" finished-at="2016-05-16T13:35:05Z">
          <reporter-output>
          </reporter-output>
        </test-method> <!-- testTenantData -->
        <test-method status="PASS" signature="springTestContextAfterTestClass()[pri:0, instance:com.github.minly.multitenancy.demo.MultitenantTest@9a5ed8]" name="springTestContextAfterTestClass" is-config="true" duration-ms="1" started-at="2016-05-16T13:35:05Z" finished-at="2016-05-16T13:35:05Z">
          <reporter-output>
          </reporter-output>
        </test-method> <!-- springTestContextAfterTestClass -->
        <test-method status="PASS" signature="springTestContextAfterTestMethod(java.lang.reflect.Method)[pri:0, instance:com.github.minly.multitenancy.demo.MultitenantTest@9a5ed8]" name="springTestContextAfterTestMethod" is-config="true" duration-ms="0" started-at="2016-05-16T13:35:05Z" finished-at="2016-05-16T13:35:05Z">
          <params>
            <param index="0">
              <value>
                <![CDATA[public void com.github.minly.multitenancy.demo.MultitenantTest.testTenantData()]]>
              </value>
            </param>
          </params>
          <reporter-output>
          </reporter-output>
        </test-method> <!-- springTestContextAfterTestMethod -->
      </class> <!-- com.github.minly.multitenancy.demo.MultitenantTest -->
    </test> <!-- Default test -->
  </suite> <!-- Default suite -->
</testng-results>
